-------------------------------------------------------------------------------
Test set: BonusServiceTest
-------------------------------------------------------------------------------
Tests run: 4, Failures: 1, Errors: 0, Skipped: 0, Time elapsed: 0.016 s <<< FAILURE! - in BonusServiceTest
shouldCalculateForNotRegisteredAndUnderLimit  Time elapsed: 0.003 s  <<< FAILURE!
org.opentest4j.AssertionFailedError: expected: <40> but was: <10>
	at BonusServiceTest.shouldCalculateForNotRegisteredAndUnderLimit(BonusServiceTest.java:66)

